InternalTrace: Initializing at level Info
15:29:07.752 Info  [ 1] ServiceManager: Initializing SettingsService
15:29:07.755 Info  [ 1] ServiceManager: Initializing RecentFilesService
15:29:07.757 Info  [ 1] ServiceManager: Initializing TestFilterService
15:29:07.757 Info  [ 1] ServiceManager: Initializing ExtensionService
15:29:07.759 Info  [ 1] ExtensionService: Scanning nunit.engine.core assembly for extension points
15:29:07.760 Info  [ 1] ExtensionService:   Found Path=/NUnit/Engine/NUnitV2Driver, Type=NUnit.Engine.Extensibility.IFrameworkDriver
15:29:07.766 Info  [ 1] ExtensionService: Scanning nunit.engine.api assembly for extension points
15:29:07.775 Info  [ 1] ExtensionService:   Found Path=/NUnit/Engine/TypeExtensions/IService, Type=NUnit.Engine.IService
15:29:07.775 Info  [ 1] ExtensionService:   Found Path=/NUnit/Engine/TypeExtensions/ITestEventListener, Type=NUnit.Engine.ITestEventListener
15:29:07.775 Info  [ 1] ExtensionService:   Found Path=/NUnit/Engine/TypeExtensions/IDriverFactory, Type=NUnit.Engine.Extensibility.IDriverFactory
15:29:07.775 Info  [ 1] ExtensionService:   Found Path=/NUnit/Engine/TypeExtensions/IProjectLoader, Type=NUnit.Engine.Extensibility.IProjectLoader
15:29:07.775 Info  [ 1] ExtensionService:   Found Path=/NUnit/Engine/TypeExtensions/IResultWriter, Type=NUnit.Engine.Extensibility.IResultWriter
15:29:07.777 Info  [ 1] ExtensionService: Processing file C:\Program Files (x86)\NUnit.org\nunit-console\nunit.bundle.addins
15:29:07.861 Info  [ 1] ExtensionService: Scanning C:\Program Files (x86)\NUnit.org\nunit-console\addins\nunit.v2.driver.dll for Extensions
15:29:07.872 Info  [ 1] ExtensionService:   Found ExtensionAttribute on Type NUnit2FrameworkDriver
15:29:07.876 Info  [ 1] ExtensionService: Scanning C:\Program Files (x86)\NUnit.org\nunit-console\addins\nunit-v2-result-writer.dll for Extensions
15:29:07.877 Info  [ 1] ExtensionService:   Found ExtensionAttribute on Type NUnit2XmlResultWriter
15:29:07.879 Info  [ 1] ExtensionService:         ExtensionProperty Format = nunit2
15:29:07.879 Info  [ 1] ExtensionService: Scanning C:\Program Files (x86)\NUnit.org\nunit-console\addins\nunit-project-loader.dll for Extensions
15:29:07.879 Info  [ 1] ExtensionService:   Found ExtensionAttribute on Type NUnitProjectLoader
15:29:07.879 Info  [ 1] ExtensionService:         ExtensionProperty FileExtension = .nunit
15:29:07.879 Info  [ 1] ExtensionService: Scanning C:\Program Files (x86)\NUnit.org\nunit-console\addins\vs-project-loader.dll for Extensions
15:29:07.880 Info  [ 1] ExtensionService:   Found ExtensionAttribute on Type VisualStudioProjectLoader
15:29:07.880 Info  [ 1] ExtensionService:         ExtensionProperty FileExtension = .sln
15:29:07.880 Info  [ 1] ExtensionService:         ExtensionProperty FileExtension = .csproj
15:29:07.880 Info  [ 1] ExtensionService:         ExtensionProperty FileExtension = .vbproj
15:29:07.880 Info  [ 1] ExtensionService:         ExtensionProperty FileExtension = .vjsproj
15:29:07.880 Info  [ 1] ExtensionService:         ExtensionProperty FileExtension = .vcproj
15:29:07.880 Info  [ 1] ExtensionService:         ExtensionProperty FileExtension = .fsproj
15:29:07.880 Info  [ 1] ExtensionService: Scanning C:\Program Files (x86)\NUnit.org\nunit-console\addins\teamcity-event-listener.dll for Extensions
15:29:07.884 Info  [ 1] ExtensionService:   Found ExtensionAttribute on Type TeamCityEventListener
15:29:07.884 Info  [ 1] ServiceManager: Initializing ProjectService
15:29:07.887 Info  [ 1] ServiceManager: Initializing DomainManager
15:29:07.887 Info  [ 1] ServiceManager: Initializing RuntimeFrameworkService
15:29:07.887 Info  [ 1] ServiceManager: Initializing TestAgency
15:29:07.899 Info  [ 1] ServiceManager: Initializing DriverService
15:29:07.901 Info  [ 1] ServiceManager: Initializing ResultService
15:29:07.901 Info  [ 1] ServiceManager: Initializing DefaultTestRunnerFactory
15:29:07.941 Info  [ 1] ProcessRunner: Running 
15:29:39.720 Info  [ 1] ProcessRunner: Done running 
15:29:39.727 Info  [ 1] ProcessRunner: Unloading 
15:29:39.792 Info  [ 1] ServiceManager: Stopping DefaultTestRunnerFactory
15:29:39.792 Info  [ 1] ServiceManager: Stopping ResultService
15:29:39.792 Info  [ 1] ServiceManager: Stopping DriverService
15:29:39.792 Info  [ 1] ServiceManager: Stopping TestAgency
15:29:39.793 Info  [ 1] ServiceManager: Stopping RuntimeFrameworkService
15:29:39.793 Info  [ 1] ServiceManager: Stopping DomainManager
15:29:39.793 Info  [ 1] ServiceManager: Stopping ProjectService
15:29:39.793 Info  [ 1] ServiceManager: Stopping ExtensionService
15:29:39.793 Info  [ 1] ServiceManager: Stopping TestFilterService
15:29:39.793 Info  [ 1] ServiceManager: Stopping RecentFilesService
15:29:39.794 Info  [ 1] ServiceManager: Stopping SettingsService
