InternalTrace: Initializing at level Info
15:39:50.953 Info  [ 1] ServiceManager: Initializing SettingsService
15:39:50.956 Info  [ 1] ServiceManager: Initializing RecentFilesService
15:39:50.957 Info  [ 1] ServiceManager: Initializing TestFilterService
15:39:50.958 Info  [ 1] ServiceManager: Initializing ExtensionService
15:39:50.960 Info  [ 1] ExtensionService: Scanning nunit.engine.core assembly for extension points
15:39:50.960 Info  [ 1] ExtensionService:   Found Path=/NUnit/Engine/NUnitV2Driver, Type=NUnit.Engine.Extensibility.IFrameworkDriver
15:39:50.967 Info  [ 1] ExtensionService: Scanning nunit.engine.api assembly for extension points
15:39:50.968 Info  [ 1] ExtensionService:   Found Path=/NUnit/Engine/TypeExtensions/IService, Type=NUnit.Engine.IService
15:39:50.968 Info  [ 1] ExtensionService:   Found Path=/NUnit/Engine/TypeExtensions/ITestEventListener, Type=NUnit.Engine.ITestEventListener
15:39:50.968 Info  [ 1] ExtensionService:   Found Path=/NUnit/Engine/TypeExtensions/IDriverFactory, Type=NUnit.Engine.Extensibility.IDriverFactory
15:39:50.968 Info  [ 1] ExtensionService:   Found Path=/NUnit/Engine/TypeExtensions/IProjectLoader, Type=NUnit.Engine.Extensibility.IProjectLoader
15:39:50.968 Info  [ 1] ExtensionService:   Found Path=/NUnit/Engine/TypeExtensions/IResultWriter, Type=NUnit.Engine.Extensibility.IResultWriter
15:39:50.970 Info  [ 1] ExtensionService: Processing file C:\Program Files (x86)\NUnit.org\nunit-console\nunit.bundle.addins
15:39:51.055 Info  [ 1] ExtensionService: Scanning C:\Program Files (x86)\NUnit.org\nunit-console\addins\nunit.v2.driver.dll for Extensions
15:39:51.065 Info  [ 1] ExtensionService:   Found ExtensionAttribute on Type NUnit2FrameworkDriver
15:39:51.071 Info  [ 1] ExtensionService: Scanning C:\Program Files (x86)\NUnit.org\nunit-console\addins\nunit-v2-result-writer.dll for Extensions
15:39:51.071 Info  [ 1] ExtensionService:   Found ExtensionAttribute on Type NUnit2XmlResultWriter
15:39:51.074 Info  [ 1] ExtensionService:         ExtensionProperty Format = nunit2
15:39:51.074 Info  [ 1] ExtensionService: Scanning C:\Program Files (x86)\NUnit.org\nunit-console\addins\nunit-project-loader.dll for Extensions
15:39:51.074 Info  [ 1] ExtensionService:   Found ExtensionAttribute on Type NUnitProjectLoader
15:39:51.074 Info  [ 1] ExtensionService:         ExtensionProperty FileExtension = .nunit
15:39:51.074 Info  [ 1] ExtensionService: Scanning C:\Program Files (x86)\NUnit.org\nunit-console\addins\vs-project-loader.dll for Extensions
15:39:51.075 Info  [ 1] ExtensionService:   Found ExtensionAttribute on Type VisualStudioProjectLoader
15:39:51.075 Info  [ 1] ExtensionService:         ExtensionProperty FileExtension = .sln
15:39:51.075 Info  [ 1] ExtensionService:         ExtensionProperty FileExtension = .csproj
15:39:51.075 Info  [ 1] ExtensionService:         ExtensionProperty FileExtension = .vbproj
15:39:51.075 Info  [ 1] ExtensionService:         ExtensionProperty FileExtension = .vjsproj
15:39:51.075 Info  [ 1] ExtensionService:         ExtensionProperty FileExtension = .vcproj
15:39:51.075 Info  [ 1] ExtensionService:         ExtensionProperty FileExtension = .fsproj
15:39:51.075 Info  [ 1] ExtensionService: Scanning C:\Program Files (x86)\NUnit.org\nunit-console\addins\teamcity-event-listener.dll for Extensions
15:39:51.079 Info  [ 1] ExtensionService:   Found ExtensionAttribute on Type TeamCityEventListener
15:39:51.079 Info  [ 1] ServiceManager: Initializing ProjectService
15:39:51.081 Info  [ 1] ServiceManager: Initializing DomainManager
15:39:51.081 Info  [ 1] ServiceManager: Initializing RuntimeFrameworkService
15:39:51.082 Info  [ 1] ServiceManager: Initializing TestAgency
15:39:51.094 Info  [ 1] ServiceManager: Initializing DriverService
15:39:51.096 Info  [ 1] ServiceManager: Initializing ResultService
15:39:51.096 Info  [ 1] ServiceManager: Initializing DefaultTestRunnerFactory
15:39:51.140 Info  [ 1] ProcessRunner: Running 
15:40:28.614 Info  [ 1] ProcessRunner: Done running 
15:40:28.622 Info  [ 1] ProcessRunner: Unloading 
15:40:28.668 Info  [ 1] ServiceManager: Stopping DefaultTestRunnerFactory
15:40:28.668 Info  [ 1] ServiceManager: Stopping ResultService
15:40:28.668 Info  [ 1] ServiceManager: Stopping DriverService
15:40:28.669 Info  [ 1] ServiceManager: Stopping TestAgency
15:40:28.669 Info  [ 1] ServiceManager: Stopping RuntimeFrameworkService
15:40:28.669 Info  [ 1] ServiceManager: Stopping DomainManager
15:40:28.669 Info  [ 1] ServiceManager: Stopping ProjectService
15:40:28.669 Info  [ 1] ServiceManager: Stopping ExtensionService
15:40:28.669 Info  [ 1] ServiceManager: Stopping TestFilterService
15:40:28.669 Info  [ 1] ServiceManager: Stopping RecentFilesService
15:40:28.670 Info  [ 1] ServiceManager: Stopping SettingsService
