2021-08-18 15:51:31,144 INFO  SeleniumWebDriver.TestDeleteFolder - Open Yandex Website
2021-08-18 15:51:35,992 INFO  SeleniumWebDriver.TestDeleteFolder - Maximize Window
2021-08-18 15:51:36,250 INFO  SeleniumWebDriver.TestDeleteFolder - Open Yandex Website
2021-08-18 15:51:36,305 INFO  SeleniumWebDriver.TestDeleteFolder - Login to Yandex
2021-08-18 15:52:21,013 DEBUG SeleniumWebDriver.TestDeleteFolder - Going to Yandex Home Page
2021-08-18 15:52:21,036 INFO  SeleniumWebDriver.TestDeleteFolder - Clicking on Compose Link
2021-08-18 15:52:21,102 INFO  SeleniumWebDriver.TestDeleteFolder - Switching to Mail Page Window
2021-08-18 15:52:24,320 INFO  SeleniumWebDriver.TestDeleteFolder - Composing Email with Random Content
2021-08-18 15:52:25,150 INFO  SeleniumWebDriver.TestDeleteFolder - Escaping the pop-up Window
2021-08-18 15:52:25,166 INFO  SeleniumWebDriver.TestDeleteFolder - Clicking on Draft Link
2021-08-18 15:52:25,822 INFO  SeleniumWebDriver.TestDeleteFolder - Selecting Email by Number
2021-08-18 15:52:26,066 INFO  SeleniumWebDriver.TestDeleteFolder - Clicking on Delete button
2021-08-18 15:52:26,327 INFO  SeleniumWebDriver.TestDeleteFolder - Compose Email with Random Content
2021-08-18 15:52:27,265 ERROR SeleniumWebDriver.TestDeleteFolder - Test failed. Screenshot saved at: C:\Users\Tatsiana_Barabanava\source\repos\SeleniumWD_Module14_Reporting\bin\Debug\net48\Screenshots\DeleteFolder_18.08.2021_15.52.27.jpeg
2021-08-18 15:52:28,724 INFO  SeleniumWebDriver.TestDeleteFolder - Executing TestReport: C:\Users\Tatsiana_Barabanava\source\repos\SeleniumWD_Module14_Reporting\ReportUnit.exe
2021-08-18 15:52:32,952 INFO  SeleniumWebDriver.TestDraftFolder - Open Yandex Website
2021-08-18 15:52:36,501 INFO  SeleniumWebDriver.TestDraftFolder - Maximize Window
2021-08-18 15:52:36,772 INFO  SeleniumWebDriver.TestDraftFolder - Open Yandex Website
2021-08-18 15:52:36,825 INFO  SeleniumWebDriver.TestDraftFolder - Login to Yandex
2021-08-18 15:53:23,811 DEBUG SeleniumWebDriver.TestDraftFolder - Going to Yandex Home Page
2021-08-18 15:53:23,834 INFO  SeleniumWebDriver.TestDraftFolder - Clicking on Compose Link
2021-08-18 15:53:23,873 INFO  SeleniumWebDriver.TestDraftFolder - Switching to Mail Page Window
2021-08-18 15:53:26,261 INFO  SeleniumWebDriver.TestDraftFolder - Composing Email with Random Content
2021-08-18 15:53:26,987 INFO  SeleniumWebDriver.TestDraftFolder - Escaping the pop-up Window
2021-08-18 15:53:27,025 INFO  SeleniumWebDriver.TestDraftFolder - Waiting until Resend Link is visible
2021-08-18 15:53:27,052 INFO  SeleniumWebDriver.TestDraftFolder - Clicking on Draft Link
2021-08-18 15:53:29,216 INFO  SeleniumWebDriver.TestDraftFolder - Executing TestReport: C:\Users\Tatsiana_Barabanava\source\repos\SeleniumWD_Module14_Reporting\ReportUnit.exe
2021-08-18 15:53:33,306 INFO  SeleniumWebDriver.TestLogin - Open Yandex Website
2021-08-18 15:53:36,317 INFO  SeleniumWebDriver.TestLogin - Maximize Window
2021-08-18 15:53:36,572 INFO  SeleniumWebDriver.TestLogin - Open Yandex Website
2021-08-18 15:53:36,762 INFO  SeleniumWebDriver.TestLogin - Login to Yandex
2021-08-18 15:54:20,170 DEBUG SeleniumWebDriver.TestLogin - Going to Yandex Home Page
2021-08-18 15:54:20,501 INFO  SeleniumWebDriver.TestLogin - Getting text from Compose Link
2021-08-18 15:54:23,925 INFO  SeleniumWebDriver.TestLogin - Executing TestReport: C:\Users\Tatsiana_Barabanava\source\repos\SeleniumWD_Module14_Reporting\ReportUnit.exe
2021-08-18 15:54:28,640 INFO  SeleniumWebDriver.TestReceiveFolder - Open Yandex Website
2021-08-18 15:54:32,667 INFO  SeleniumWebDriver.TestReceiveFolder - Maximize Window
2021-08-18 15:54:32,935 INFO  SeleniumWebDriver.TestReceiveFolder - Open Yandex Website
2021-08-18 15:54:32,980 INFO  SeleniumWebDriver.TestReceiveFolder - Login to Yandex
2021-08-18 15:54:36,978 DEBUG SeleniumWebDriver.TestReceiveFolder - Going to Yandex Home Page
2021-08-18 15:54:37,007 INFO  SeleniumWebDriver.TestReceiveFolder - Clicking on Compose Link
2021-08-18 15:54:37,071 INFO  SeleniumWebDriver.TestReceiveFolder - Switching to Mail Page Window
2021-08-18 15:54:39,074 INFO  SeleniumWebDriver.TestReceiveFolder - Composing Email with Random Content
2021-08-18 15:54:40,040 INFO  SeleniumWebDriver.TestReceiveFolder - Escaping the pop-up Window
2021-08-18 15:54:40,077 INFO  SeleniumWebDriver.TestReceiveFolder - Clicking on Draft Link
2021-08-18 15:54:40,701 INFO  SeleniumWebDriver.TestReceiveFolder - Clicking on Recipient Field
2021-08-18 15:54:40,749 INFO  SeleniumWebDriver.TestReceiveFolder - Clicking on Send Button
2021-08-18 15:54:41,670 INFO  SeleniumWebDriver.TestReceiveFolder - Escaping the pop-up Window
2021-08-18 15:54:41,684 INFO  SeleniumWebDriver.TestReceiveFolder - Clicking on Inbox folder
2021-08-18 15:54:42,301 INFO  SeleniumWebDriver.TestReceiveFolder - Refreshing the page
2021-08-18 15:54:45,846 INFO  SeleniumWebDriver.TestReceiveFolder - Executing TestReport: C:\Users\Tatsiana_Barabanava\source\repos\SeleniumWD_Module14_Reporting\ReportUnit.exe
2021-08-18 15:54:50,530 INFO  SeleniumWebDriver.TestSendEmail - Open Yandex Website
2021-08-18 15:54:52,114 INFO  SeleniumWebDriver.TestSendEmail - Maximize Window
2021-08-18 15:54:52,401 INFO  SeleniumWebDriver.TestSendEmail - Open Yandex Website
2021-08-18 15:54:52,708 INFO  SeleniumWebDriver.TestSendEmail - Login to Yandex
2021-08-18 15:55:35,482 DEBUG SeleniumWebDriver.TestSendEmail - Going to Yandex Home Page
2021-08-18 15:55:35,756 INFO  SeleniumWebDriver.TestSendEmail - Clicking on Compose Link
2021-08-18 15:55:36,220 INFO  SeleniumWebDriver.TestSendEmail - Switching to Mail Page Window
2021-08-18 15:55:46,062 INFO  SeleniumWebDriver.TestSendEmail - Composing Email with Random Content
2021-08-18 15:55:46,817 INFO  SeleniumWebDriver.TestSendEmail - Escaping the pop-up Window
2021-08-18 15:55:46,863 INFO  SeleniumWebDriver.TestSendEmail - Clicking on Draft Link
2021-08-18 15:55:47,474 INFO  SeleniumWebDriver.TestSendEmail - Counting the actual number of Emails in Draft folder
2021-08-18 15:55:47,513 INFO  SeleniumWebDriver.TestSendEmail - Clicking on Recipient Field
2021-08-18 15:55:47,576 INFO  SeleniumWebDriver.TestSendEmail - Clicking on Send button
2021-08-18 15:55:58,413 INFO  SeleniumWebDriver.TestSendEmail - Escaping the pop-up Window
2021-08-18 15:55:58,419 INFO  SeleniumWebDriver.TestSendEmail - Refreshing the page
2021-08-18 15:55:58,681 ERROR SeleniumWebDriver.TestSendEmail - Test failed. Screenshot saved at: C:\Users\Tatsiana_Barabanava\source\repos\SeleniumWD_Module14_Reporting\bin\Debug\net48\Screenshots\SendEmail_18.08.2021_15.55.58.jpeg
2021-08-18 15:56:00,429 INFO  SeleniumWebDriver.TestSendEmail - Executing TestReport: C:\Users\Tatsiana_Barabanava\source\repos\SeleniumWD_Module14_Reporting\ReportUnit.exe
2021-08-18 15:56:04,623 INFO  SeleniumWebDriver.TestSendFolder - Open Yandex Website
2021-08-18 15:56:12,723 INFO  SeleniumWebDriver.TestSendFolder - Maximize Window
2021-08-18 15:56:12,991 INFO  SeleniumWebDriver.TestSendFolder - Open Yandex Website
2021-08-18 15:56:13,033 INFO  SeleniumWebDriver.TestSendFolder - Login to Yandex
2021-08-18 15:56:18,287 DEBUG SeleniumWebDriver.TestSendFolder - Going to Yandex Home Page
2021-08-18 15:56:18,327 INFO  SeleniumWebDriver.TestSendFolder - Clicking on Compose Link
2021-08-18 15:56:18,422 INFO  SeleniumWebDriver.TestSendFolder - Switching to Mail Page Window
2021-08-18 15:56:22,710 INFO  SeleniumWebDriver.TestSendFolder - Composing Email with Random Content
2021-08-18 15:56:23,508 INFO  SeleniumWebDriver.TestSendFolder - Escaping the pop-up Window
2021-08-18 15:56:23,547 INFO  SeleniumWebDriver.TestSendFolder - Clicking on Draft Link
2021-08-18 15:56:24,170 INFO  SeleniumWebDriver.TestSendFolder - Clicking on Recipient Field
2021-08-18 15:56:24,242 INFO  SeleniumWebDriver.TestSendFolder - Clicking on Send button
2021-08-18 15:56:25,196 INFO  SeleniumWebDriver.TestSendFolder - Escaping the pop-up Window
2021-08-18 15:56:25,203 INFO  SeleniumWebDriver.TestSendFolder - Clicking on Send folder
2021-08-18 15:56:27,600 INFO  SeleniumWebDriver.TestSendFolder - Executing TestReport: C:\Users\Tatsiana_Barabanava\source\repos\SeleniumWD_Module14_Reporting\ReportUnit.exe
