2021-08-17 09:34:58,854 INFO  SeleniumWebDriver.TestDeleteFolder - Open Yandex Website
2021-08-17 09:35:06,642 INFO  SeleniumWebDriver.TestDeleteFolder - Maximize Window
2021-08-17 09:35:06,913 INFO  SeleniumWebDriver.TestDeleteFolder - Open Yandex Website
2021-08-17 09:35:06,971 INFO  SeleniumWebDriver.TestDeleteFolder - Login to Yandex
2021-08-17 09:35:54,611 DEBUG SeleniumWebDriver.TestDeleteFolder - Going to Yandex Home Page
2021-08-17 09:35:54,730 INFO  SeleniumWebDriver.TestDeleteFolder - Clicking on Compose Link
2021-08-17 09:35:54,861 INFO  SeleniumWebDriver.TestDeleteFolder - Switching to Mail Page Window
2021-08-17 09:35:57,588 INFO  SeleniumWebDriver.TestDeleteFolder - Composing Email with Random Content
2021-08-17 09:35:58,346 INFO  SeleniumWebDriver.TestDeleteFolder - Escaping the pop-up Window
2021-08-17 09:35:58,395 INFO  SeleniumWebDriver.TestDeleteFolder - Clicking on Draft Link
2021-08-17 09:35:59,069 INFO  SeleniumWebDriver.TestDeleteFolder - Selecting Email by Number
2021-08-17 09:35:59,468 ERROR SeleniumWebDriver.TestDeleteFolder - Test failed. Screenshot saved at: C:\Users\Tatsiana_Barabanava\source\repos\SeleniumWD_Module14_Reporting\bin\Debug\net48\Screenshots\DeleteFolder_17.08.2021_09.35.59.jpeg
2021-08-17 09:36:01,411 INFO  SeleniumWebDriver.TestDeleteFolder - Executing TestReport: C:\Users\Tatsiana_Barabanava\source\repos\SeleniumWD_Module14_Reporting\ReportUnit.exe
2021-08-17 09:37:56,877 INFO  SeleniumWebDriver.TestDraftFolder - Open Yandex Website
2021-08-17 09:38:00,190 INFO  SeleniumWebDriver.TestDraftFolder - Maximize Window
2021-08-17 09:38:00,450 INFO  SeleniumWebDriver.TestDraftFolder - Open Yandex Website
2021-08-17 09:38:00,760 INFO  SeleniumWebDriver.TestDraftFolder - Login to Yandex
2021-08-17 09:38:43,599 DEBUG SeleniumWebDriver.TestDraftFolder - Going to Yandex Home Page
2021-08-17 09:38:43,666 INFO  SeleniumWebDriver.TestDraftFolder - Clicking on Compose Link
2021-08-17 09:38:43,747 INFO  SeleniumWebDriver.TestDraftFolder - Switching to Mail Page Window
2021-08-17 09:38:46,332 INFO  SeleniumWebDriver.TestDraftFolder - Composing Email with Random Content
2021-08-17 09:38:47,136 INFO  SeleniumWebDriver.TestDraftFolder - Escaping the pop-up Window
2021-08-17 09:38:47,172 INFO  SeleniumWebDriver.TestDraftFolder - Waiting until Resend Link is visible
2021-08-17 09:38:47,785 INFO  SeleniumWebDriver.TestDraftFolder - Clicking on Draft Link
2021-08-17 09:38:48,018 INFO  SeleniumWebDriver.TestDraftFolder - Executing TestReport: C:\Users\Tatsiana_Barabanava\source\repos\SeleniumWD_Module14_Reporting\ReportUnit.exe
2021-08-17 10:11:55,223 INFO  SeleniumWebDriver.TestLogin - Open Yandex Website
2021-08-17 10:11:59,023 INFO  SeleniumWebDriver.TestLogin - Maximize Window
2021-08-17 10:11:59,282 INFO  SeleniumWebDriver.TestLogin - Open Yandex Website
2021-08-17 10:11:59,359 INFO  SeleniumWebDriver.TestLogin - Login to Yandex
2021-08-17 10:12:22,860 DEBUG SeleniumWebDriver.TestLogin - Going to Yandex Home Page
2021-08-17 10:12:23,122 INFO  SeleniumWebDriver.TestLogin - Getting text from Compose Link
2021-08-17 10:12:23,596 INFO  SeleniumWebDriver.TestLogin - Executing TestReport: C:\Users\Tatsiana_Barabanava\source\repos\SeleniumWD_Module14_Reporting\ReportUnit.exe
2021-08-17 10:12:26,829 INFO  SeleniumWebDriver.TestReceiveFolder - Open Yandex Website
2021-08-17 10:12:28,059 INFO  SeleniumWebDriver.TestReceiveFolder - Maximize Window
2021-08-17 10:12:28,096 INFO  SeleniumWebDriver.TestReceiveFolder - Open Yandex Website
2021-08-17 10:12:28,747 INFO  SeleniumWebDriver.TestReceiveFolder - Login to Yandex
2021-08-17 10:12:28,994 DEBUG SeleniumWebDriver.TestReceiveFolder - Going to Yandex Home Page
2021-08-17 10:12:29,247 INFO  SeleniumWebDriver.TestReceiveFolder - Clicking on Compose Link
2021-08-17 10:12:31,568 INFO  SeleniumWebDriver.TestReceiveFolder - Switching to Mail Page Window
2021-08-17 10:14:24,047 INFO  SeleniumWebDriver.TestReceiveFolder - Composing Email with Random Content
2021-08-17 10:14:39,102 INFO  SeleniumWebDriver.TestReceiveFolder - Escaping the pop-up Window
2021-08-17 10:14:39,384 INFO  SeleniumWebDriver.TestReceiveFolder - Clicking on Draft Link
2021-08-17 10:14:39,501 INFO  SeleniumWebDriver.TestReceiveFolder - Clicking on Recipient Field
2021-08-17 10:14:52,781 INFO  SeleniumWebDriver.TestReceiveFolder - Clicking on Send Button
2021-08-17 10:14:53,086 INFO  SeleniumWebDriver.TestReceiveFolder - Escaping the pop-up Window
2021-08-17 10:14:53,372 INFO  SeleniumWebDriver.TestReceiveFolder - Clicking on Inbox folder
2021-08-17 10:14:56,196 INFO  SeleniumWebDriver.TestReceiveFolder - Refreshing the page
2021-08-17 10:14:56,972 INFO  SeleniumWebDriver.TestReceiveFolder - Executing TestReport: C:\Users\Tatsiana_Barabanava\source\repos\SeleniumWD_Module14_Reporting\ReportUnit.exe
2021-08-17 10:14:57,011 INFO  SeleniumWebDriver.TestSendEmail - Open Yandex Website
2021-08-17 10:14:57,688 INFO  SeleniumWebDriver.TestSendEmail - Maximize Window
2021-08-17 10:14:57,929 INFO  SeleniumWebDriver.TestSendEmail - Open Yandex Website
2021-08-17 10:14:58,154 INFO  SeleniumWebDriver.TestSendEmail - Login to Yandex
2021-08-17 10:14:58,432 DEBUG SeleniumWebDriver.TestSendEmail - Going to Yandex Home Page
2021-08-17 10:14:59,864 INFO  SeleniumWebDriver.TestSendEmail - Clicking on Compose Link
2021-08-17 10:18:40,507 INFO  SeleniumWebDriver.TestSendEmail - Switching to Mail Page Window
2021-08-17 10:18:54,064 INFO  SeleniumWebDriver.TestSendEmail - Composing Email with Random Content
2021-08-17 10:18:54,326 INFO  SeleniumWebDriver.TestSendEmail - Escaping the pop-up Window
2021-08-17 10:18:54,382 INFO  SeleniumWebDriver.TestSendEmail - Clicking on Draft Link
2021-08-17 10:19:08,543 INFO  SeleniumWebDriver.TestSendEmail - Counting the actual number of Emails in Draft folder
2021-08-17 10:19:08,795 INFO  SeleniumWebDriver.TestSendEmail - Clicking on Recipient Field
2021-08-17 10:19:08,872 INFO  SeleniumWebDriver.TestSendEmail - Clicking on Send button
2021-08-17 10:19:11,671 INFO  SeleniumWebDriver.TestSendEmail - Escaping the pop-up Window
2021-08-17 10:19:12,455 INFO  SeleniumWebDriver.TestSendEmail - Refreshing the page
2021-08-17 10:19:12,490 INFO  SeleniumWebDriver.TestSendEmail - Executing TestReport: C:\Users\Tatsiana_Barabanava\source\repos\SeleniumWD_Module14_Reporting\ReportUnit.exe
2021-08-17 10:19:13,121 INFO  SeleniumWebDriver.TestSendFolder - Open Yandex Website
2021-08-17 10:19:13,356 INFO  SeleniumWebDriver.TestSendFolder - Maximize Window
2021-08-17 10:19:13,580 INFO  SeleniumWebDriver.TestSendFolder - Open Yandex Website
2021-08-17 10:19:15,202 INFO  SeleniumWebDriver.TestSendFolder - Login to Yandex
2021-08-17 10:19:16,763 DEBUG SeleniumWebDriver.TestSendFolder - Going to Yandex Home Page
2021-08-17 10:19:17,974 INFO  SeleniumWebDriver.TestSendFolder - Clicking on Compose Link
2021-08-17 10:19:18,950 INFO  SeleniumWebDriver.TestSendFolder - Switching to Mail Page Window
2021-08-17 10:19:19,011 INFO  SeleniumWebDriver.TestSendFolder - Composing Email with Random Content
2021-08-17 10:19:20,381 INFO  SeleniumWebDriver.TestSendFolder - Escaping the pop-up Window
2021-08-17 10:19:21,751 INFO  SeleniumWebDriver.TestSendFolder - Clicking on Draft Link
2021-08-17 10:19:22,635 INFO  SeleniumWebDriver.TestSendFolder - Clicking on Recipient Field
2021-08-17 10:19:22,587 INFO  SeleniumWebDriver.TestSendFolder - Clicking on Send button
2021-08-17 10:19:23,316 INFO  SeleniumWebDriver.TestSendFolder - Escaping the pop-up Window
2021-08-17 10:19:24,534 INFO  SeleniumWebDriver.TestSendFolder - Clicking on Send folder
2021-08-17 10:19:25,910 INFO  SeleniumWebDriver.TestSendFolder - Executing TestReport: C:\Users\Tatsiana_Barabanava\source\repos\SeleniumWD_Module14_Reporting\ReportUnit.exe2021-08-17 13:09:18,324 INFO  SeleniumWebDriver.TestDeleteFolder - Open Yandex Website
2021-08-17 13:09:23,144 INFO  SeleniumWebDriver.TestDeleteFolder - Maximize Window
2021-08-17 13:09:23,410 INFO  SeleniumWebDriver.TestDeleteFolder - Open Yandex Website
2021-08-17 13:09:23,462 INFO  SeleniumWebDriver.TestDeleteFolder - Login to Yandex
2021-08-17 13:10:05,878 DEBUG SeleniumWebDriver.TestDeleteFolder - Going to Yandex Home Page
2021-08-17 13:10:05,913 INFO  SeleniumWebDriver.TestDeleteFolder - Clicking on Compose Link
2021-08-17 13:10:05,975 INFO  SeleniumWebDriver.TestDeleteFolder - Switching to Mail Page Window
2021-08-17 13:10:09,486 INFO  SeleniumWebDriver.TestDeleteFolder - Composing Email with Random Content
2021-08-17 13:10:10,301 INFO  SeleniumWebDriver.TestDeleteFolder - Escaping the pop-up Window
2021-08-17 13:10:10,341 INFO  SeleniumWebDriver.TestDeleteFolder - Clicking on Draft Link
2021-08-17 13:10:10,999 INFO  SeleniumWebDriver.TestDeleteFolder - Selecting Email by Number
2021-08-17 13:10:11,239 INFO  SeleniumWebDriver.TestDeleteFolder - Clicking on Delete button
2021-08-17 13:10:11,471 INFO  SeleniumWebDriver.TestDeleteFolder - Compose Email with Random Content
2021-08-17 13:10:13,861 INFO  SeleniumWebDriver.TestDeleteFolder - Executing TestReport: C:\Users\Tatsiana_Barabanava\source\repos\SeleniumWD_Module14_Reporting\ReportUnit.exe
